# JRE version: Java(TM) SE Runtime Environment (8.0_101-b13) (build 1.8.0_101-b13)
# Java VM: Java HotSpot(TM) 64-Bit Server VM (25.101-b13 mixed mode bsd-amd64 compressed oops)
Heap:
 PSYoungGen      total 262656K, used 179542K [0x0000000795580000, 0x00000007aaa80000, 0x00000007c0000000)
  eden space 233984K, 71% used [0x0000000795580000,0x000000079f9e1e38,0x00000007a3a00000)
  from space 28672K, 39% used [0x00000007a5480000,0x00000007a5f73da0,0x00000007a7080000)
  to   space 27136K, 0% used [0x00000007a3a00000,0x00000007a3a00000,0x00000007a5480000)
 ParOldGen       total 119296K, used 52494K [0x0000000740000000, 0x0000000747480000, 0x0000000795580000)
  object space 119296K, 44% used [0x0000000740000000,0x0000000743343888,0x0000000747480000)
 Metaspace       used 29813K, capacity 30328K, committed 30592K, reserved 1075200K
  class space    used 3803K, capacity 3930K, committed 3968K, reserved 1048576K
GC Heap History (10 events):
Event: 12.582 GC heap before
{Heap before GC invocations=7 (full 0):
 PSYoungGen      total 149504K, used 101926K [0x0000000795580000, 0x00000007a0380000, 0x00000007c0000000)
  eden space 130048K, 64% used [0x0000000795580000,0x000000079a7ccbd0,0x000000079d480000)
  from space 19456K, 90% used [0x000000079ea80000,0x000000079fbbd008,0x000000079fd80000)
  to   space 22528K, 0% used [0x000000079d480000,0x000000079d480000,0x000000079ea80000)
 ParOldGen       total 87552K, used 26910K [0x0000000740000000, 0x0000000745580000, 0x0000000795580000)
  object space 87552K, 30% used [0x0000000740000000,0x0000000741a478b0,0x0000000745580000)
 Metaspace       used 20715K, capacity 20948K, committed 21248K, reserved 1067008K
  class space    used 2646K, capacity 2742K, committed 2816K, reserved 1048576K
Event: 12.691 GC heap after
Heap after GC invocations=7 (full 0):
 PSYoungGen      total 152576K, used 22503K [0x0000000795580000, 0x00000007a8c80000, 0x00000007c0000000)
  eden space 130048K, 0% used [0x0000000795580000,0x0000000795580000,0x000000079d480000)
  from space 22528K, 99% used [0x000000079d480000,0x000000079ea79ca0,0x000000079ea80000)
  to   space 29184K, 0% used [0x00000007a7000000,0x00000007a7000000,0x00000007a8c80000)
 ParOldGen       total 87552K, used 32990K [0x0000000740000000, 0x0000000745580000, 0x0000000795580000)
  object space 87552K, 37% used [0x0000000740000000,0x0000000742037850,0x0000000745580000)
 Metaspace       used 20715K, capacity 20948K, committed 21248K, reserved 1067008K
  class space    used 2646K, capacity 2742K, committed 2816K, reserved 1048576K
}
Event: 12.691 GC heap before
{Heap before GC invocations=8 (full 1):
 PSYoungGen      total 152576K, used 22503K [0x0000000795580000, 0x00000007a8c80000, 0x00000007c0000000)
  eden space 130048K, 0% used [0x0000000795580000,0x0000000795580000,0x000000079d480000)
  from space 22528K, 99% used [0x000000079d480000,0x000000079ea79ca0,0x000000079ea80000)
  to   space 29184K, 0% used [0x00000007a7000000,0x00000007a7000000,0x00000007a8c80000)
 ParOldGen       total 87552K, used 32990K [0x0000000740000000, 0x0000000745580000, 0x0000000795580000)
  object space 87552K, 37% used [0x0000000740000000,0x0000000742037850,0x0000000745580000)
 Metaspace       used 20715K, capacity 20948K, committed 21248K, reserved 1067008K
  class space    used 2646K, capacity 2742K, committed 2816K, reserved 1048576K
Event: 13.369 GC heap after
Heap after GC invocations=8 (full 1):
 PSYoungGen      total 152576K, used 0K [0x0000000795580000, 0x00000007a8c80000, 0x00000007c0000000)
  eden space 130048K, 0% used [0x0000000795580000,0x0000000795580000,0x000000079d480000)
  from space 22528K, 0% used [0x000000079d480000,0x000000079d480000,0x000000079ea80000)
  to   space 29184K, 0% used [0x00000007a7000000,0x00000007a7000000,0x00000007a8c80000)
 ParOldGen       total 119296K, used 52470K [0x0000000740000000, 0x0000000747480000, 0x0000000795580000)
  object space 119296K, 43% used [0x0000000740000000,0x000000074333d888,0x0000000747480000)
 Metaspace       used 20715K, capacity 20948K, committed 21248K, reserved 1067008K
  class space    used 2646K, capacity 2742K, committed 2816K, reserved 1048576K
}
Event: 15.501 GC heap before
{Heap before GC invocations=9 (full 1):
 PSYoungGen      total 152576K, used 130048K [0x0000000795580000, 0x00000007a8c80000, 0x00000007c0000000)
  eden space 130048K, 100% used [0x0000000795580000,0x000000079d480000,0x000000079d480000)
  from space 22528K, 0% used [0x000000079d480000,0x000000079d480000,0x000000079ea80000)
  to   space 29184K, 0% used [0x00000007a7000000,0x00000007a7000000,0x00000007a8c80000)
 ParOldGen       total 119296K, used 52470K [0x0000000740000000, 0x0000000747480000, 0x0000000795580000)
  object space 119296K, 43% used [0x0000000740000000,0x000000074333d888,0x0000000747480000)
 Metaspace       used 25378K, capacity 25650K, committed 25856K, reserved 1071104K
  class space    used 3189K, capacity 3269K, committed 3328K, reserved 1048576K
Event: 15.573 GC heap after
Heap after GC invocations=9 (full 1):
 PSYoungGen      total 184832K, used 7489K [0x0000000795580000, 0x00000007a7780000, 0x00000007c0000000)
  eden space 177152K, 0% used [0x0000000795580000,0x0000000795580000,0x00000007a0280000)
  from space 7680K, 97% used [0x00000007a7000000,0x00000007a77505e8,0x00000007a7780000)
  to   space 28672K, 0% used [0x00000007a3f80000,0x00000007a3f80000,0x00000007a5b80000)
 ParOldGen       total 119296K, used 52478K [0x0000000740000000, 0x0000000747480000, 0x0000000795580000)
  object space 119296K, 43% used [0x0000000740000000,0x000000074333f888,0x0000000747480000)
 Metaspace       used 25378K, capacity 25650K, committed 25856K, reserved 1071104K
  class space    used 3189K, capacity 3269K, committed 3328K, reserved 1048576K
}
Event: 15.711 GC heap before
{Heap before GC invocations=10 (full 1):
 PSYoungGen      total 184832K, used 184193K [0x0000000795580000, 0x00000007a7780000, 0x00000007c0000000)
  eden space 177152K, 99% used [0x0000000795580000,0x00000007a0210150,0x00000007a0280000)
  from space 7680K, 97% used [0x00000007a7000000,0x00000007a77505e8,0x00000007a7780000)
  to   space 28672K, 0% used [0x00000007a3f80000,0x00000007a3f80000,0x00000007a5b80000)
 ParOldGen       total 119296K, used 52478K [0x0000000740000000, 0x0000000747480000, 0x0000000795580000)
  object space 119296K, 43% used [0x0000000740000000,0x000000074333f888,0x0000000747480000)
 Metaspace       used 25385K, capacity 25714K, committed 26112K, reserved 1073152K
  class space    used 3189K, capacity 3269K, committed 3328K, reserved 1048576K
Event: 15.726 GC heap after
Heap after GC invocations=10 (full 1):
 PSYoungGen      total 231424K, used 4292K [0x0000000795580000, 0x00000007a7080000, 0x00000007c0000000)
  eden space 226816K, 0% used [0x0000000795580000,0x0000000795580000,0x00000007a3300000)
  from space 4608K, 93% used [0x00000007a3f80000,0x00000007a43b1360,0x00000007a4400000)
  to   space 28672K, 0% used [0x00000007a5480000,0x00000007a5480000,0x00000007a7080000)
 ParOldGen       total 119296K, used 52486K [0x0000000740000000, 0x0000000747480000, 0x0000000795580000)
  object space 119296K, 43% used [0x0000000740000000,0x0000000743341888,0x0000000747480000)
 Metaspace       used 25385K, capacity 25714K, committed 26112K, reserved 1073152K
  class space    used 3189K, capacity 3269K, committed 3328K, reserved 1048576K
}
Event: 16.244 GC heap before
{Heap before GC invocations=11 (full 1):
 PSYoungGen      total 231424K, used 231108K [0x0000000795580000, 0x00000007a7080000, 0x00000007c0000000)
  eden space 226816K, 100% used [0x0000000795580000,0x00000007a3300000,0x00000007a3300000)
  from space 4608K, 93% used [0x00000007a3f80000,0x00000007a43b1360,0x00000007a4400000)
  to   space 28672K, 0% used [0x00000007a5480000,0x00000007a5480000,0x00000007a7080000)
 ParOldGen       total 119296K, used 52486K [0x0000000740000000, 0x0000000747480000, 0x0000000795580000)
  object space 119296K, 43% used [0x0000000740000000,0x0000000743341888,0x0000000747480000)
 Metaspace       used 25465K, capacity 25790K, committed 26112K, reserved 1073152K
  class space    used 3190K, capacity 3271K, committed 3328K, reserved 1048576K
Event: 16.284 GC heap after
Heap after GC invocations=11 (full 1):
 PSYoungGen      total 262656K, used 11215K [0x0000000795580000, 0x00000007aaa80000, 0x00000007c0000000)
  eden space 233984K, 0% used [0x0000000795580000,0x0000000795580000,0x00000007a3a00000)
  from space 28672K, 39% used [0x00000007a5480000,0x00000007a5f73da0,0x00000007a7080000)
  to   space 27136K, 0% used [0x00000007a3a00000,0x00000007a3a00000,0x00000007a5480000)
 ParOldGen       total 119296K, used 52494K [0x0000000740000000, 0x0000000747480000, 0x0000000795580000)
  object space 119296K, 44% used [0x0000000740000000,0x0000000743343888,0x0000000747480000)
 Metaspace       used 25465K, capacity 25790K, committed 26112K, reserved 1073152K
  class space    used 3190K, capacity 3271K, committed 3328K, reserved 1048576K
}

